<?xml version="1.0" encoding="UTF-8" ?>
<testsuite tests="5" failures="0" name="com.springapp.mvc.controller.HelloControllerTests" time="0.971" errors="0" skipped="0">
  <properties>
    <property name="java.runtime.name" value="Java(TM) SE Runtime Environment"/>
    <property name="sun.boot.library.path" value="C:\Program Files\Java\jdk1.8.0_25\jre\bin"/>
    <property name="java.vm.version" value="25.25-b02"/>
    <property name="java.vm.vendor" value="Oracle Corporation"/>
    <property name="java.vendor.url" value="http://java.oracle.com/"/>
    <property name="path.separator" value=";"/>
    <property name="java.vm.name" value="Java HotSpot(TM) 64-Bit Server VM"/>
    <property name="file.encoding.pkg" value="sun.io"/>
    <property name="user.script" value=""/>
    <property name="user.country" value="AU"/>
    <property name="sun.java.launcher" value="SUN_STANDARD"/>
    <property name="sun.os.patch.level" value=""/>
    <property name="java.vm.specification.name" value="Java Virtual Machine Specification"/>
    <property name="user.dir" value="C:\Users\Atif\Documents\ajprojects\mvctest"/>
    <property name="java.runtime.version" value="1.8.0_25-b18"/>
    <property name="java.awt.graphicsenv" value="sun.awt.Win32GraphicsEnvironment"/>
    <property name="basedir" value="C:\Users\Atif\Documents\ajprojects\mvctest"/>
    <property name="java.endorsed.dirs" value="C:\Program Files\Java\jdk1.8.0_25\jre\lib\endorsed"/>
    <property name="os.arch" value="amd64"/>
    <property name="surefire.real.class.path" value="C:\Users\Atif\AppData\Local\Temp\surefirebooter8095559286480361604.jar"/>
    <property name="java.io.tmpdir" value="C:\Users\Atif\AppData\Local\Temp\"/>
    <property name="line.separator" value="
"/>
    <property name="java.vm.specification.vendor" value="Oracle Corporation"/>
    <property name="user.variant" value=""/>
    <property name="os.name" value="Windows 8.1"/>
    <property name="sun.jnu.encoding" value="Cp1252"/>
    <property name="java.library.path" value="C:\Program Files\Java\jdk1.8.0_25\jre\bin;C:\Windows\Sun\Java\bin;C:\Windows\system32;C:\Windows;C:/Program Files/Java/jre1.8.0_31/bin/server;C:/Program Files/Java/jre1.8.0_31/bin;C:/Program Files/Java/jre1.8.0_31/lib/amd64;C:\ProgramData\Oracle\Java\javapath;C:\Program Files (x86)\NVIDIA Corporation\PhysX\Common;c:\Program Files (x86)\Intel\iCLS Client\;c:\Program Files\Intel\iCLS Client\;C:\Windows\system32;C:\Windows;C:\Windows\System32\Wbem;C:\Windows\System32\WindowsPowerShell\v1.0\;C:\Program Files\Intel\WiFi\bin\;C:\Program Files\Common Files\Intel\WirelessCommon\;C:\Program Files (x86)\Windows Live\Shared;C:\Program Files\Intel\Intel(R) Management Engine Components\DAL;C:\Program Files\Intel\Intel(R) Management Engine Components\IPT;C:\Program Files (x86)\Intel\Intel(R) Management Engine Components\DAL;C:\Program Files (x86)\Intel\Intel(R) Management Engine Components\IPT;C:\sts-bundle\sts-3.6.3.RELEASE;;."/>
    <property name="surefire.test.class.path" value="C:\Users\Atif\Documents\ajprojects\mvctest\target\test-classes;C:\Users\Atif\Documents\ajprojects\mvctest\target\classes;C:\Users\Atif\.m2\repository\org\springframework\spring-core\4.1.5.RELEASE\spring-core-4.1.5.RELEASE.jar;C:\Users\Atif\.m2\repository\commons-logging\commons-logging\1.2\commons-logging-1.2.jar;C:\Users\Atif\.m2\repository\org\springframework\spring-web\4.1.5.RELEASE\spring-web-4.1.5.RELEASE.jar;C:\Users\Atif\.m2\repository\org\springframework\spring-aop\4.1.5.RELEASE\spring-aop-4.1.5.RELEASE.jar;C:\Users\Atif\.m2\repository\org\springframework\spring-beans\4.1.5.RELEASE\spring-beans-4.1.5.RELEASE.jar;C:\Users\Atif\.m2\repository\org\springframework\spring-context\4.1.5.RELEASE\spring-context-4.1.5.RELEASE.jar;C:\Users\Atif\.m2\repository\org\springframework\spring-webmvc\4.1.5.RELEASE\spring-webmvc-4.1.5.RELEASE.jar;C:\Users\Atif\.m2\repository\org\springframework\spring-expression\4.1.5.RELEASE\spring-expression-4.1.5.RELEASE.jar;C:\Users\Atif\.m2\repository\org\springframework\security\spring-security-core\3.2.0.RELEASE\spring-security-core-3.2.0.RELEASE.jar;C:\Users\Atif\.m2\repository\aopalliance\aopalliance\1.0\aopalliance-1.0.jar;C:\Users\Atif\.m2\repository\org\springframework\security\spring-security-web\3.2.0.RELEASE\spring-security-web-3.2.0.RELEASE.jar;C:\Users\Atif\.m2\repository\org\springframework\security\spring-security-config\3.2.0.RELEASE\spring-security-config-3.2.0.RELEASE.jar;C:\Users\Atif\.m2\repository\org\springframework\security\spring-security-taglibs\3.2.0.RELEASE\spring-security-taglibs-3.2.0.RELEASE.jar;C:\Users\Atif\.m2\repository\org\springframework\security\spring-security-acl\3.2.0.RELEASE\spring-security-acl-3.2.0.RELEASE.jar;C:\Users\Atif\.m2\repository\org\springframework\spring-jdbc\3.2.6.RELEASE\spring-jdbc-3.2.6.RELEASE.jar;C:\Users\Atif\.m2\repository\javax\servlet\javax.servlet-api\3.0.1\javax.servlet-api-3.0.1.jar;C:\Users\Atif\.m2\repository\javax\servlet\jsp\jsp-api\2.1\jsp-api-2.1.jar;C:\Users\Atif\.m2\repository\jstl\jstl\1.2\jstl-1.2.jar;C:\Users\Atif\.m2\repository\javax\validation\validation-api\1.1.0.Final\validation-api-1.1.0.Final.jar;C:\Users\Atif\.m2\repository\org\hibernate\hibernate-validator\5.0.1.Final\hibernate-validator-5.0.1.Final.jar;C:\Users\Atif\.m2\repository\org\jboss\logging\jboss-logging\3.1.1.GA\jboss-logging-3.1.1.GA.jar;C:\Users\Atif\.m2\repository\com\fasterxml\classmate\0.8.0\classmate-0.8.0.jar;C:\Users\Atif\.m2\repository\org\springframework\spring-test\4.1.5.RELEASE\spring-test-4.1.5.RELEASE.jar;C:\Users\Atif\.m2\repository\junit\junit\4.11\junit-4.11.jar;C:\Users\Atif\.m2\repository\org\hamcrest\hamcrest-core\1.3\hamcrest-core-1.3.jar;C:\Users\Atif\.m2\repository\com\jayway\jsonpath\json-path-assert\0.8.1\json-path-assert-0.8.1.jar;C:\Users\Atif\.m2\repository\com\jayway\jsonpath\json-path\0.8.1\json-path-0.8.1.jar;C:\Users\Atif\.m2\repository\commons-lang\commons-lang\2.6\commons-lang-2.6.jar;C:\Users\Atif\.m2\repository\net\minidev\json-smart\1.1.1\json-smart-1.1.1.jar;C:\Users\Atif\.m2\repository\org\hamcrest\hamcrest-library\1.2.1\hamcrest-library-1.2.1.jar;C:\Users\Atif\.m2\repository\org\springframework\data\spring-data-jpa\1.2.0.RELEASE\spring-data-jpa-1.2.0.RELEASE.jar;C:\Users\Atif\.m2\repository\org\springframework\data\spring-data-commons-core\1.4.0.RELEASE\spring-data-commons-core-1.4.0.RELEASE.jar;C:\Users\Atif\.m2\repository\org\springframework\spring-orm\3.1.2.RELEASE\spring-orm-3.1.2.RELEASE.jar;C:\Users\Atif\.m2\repository\org\springframework\spring-tx\3.1.2.RELEASE\spring-tx-3.1.2.RELEASE.jar;C:\Users\Atif\.m2\repository\org\aspectj\aspectjrt\1.6.12\aspectjrt-1.6.12.jar;C:\Users\Atif\.m2\repository\org\hibernate\javax\persistence\hibernate-jpa-2.0-api\1.0.0.Final\hibernate-jpa-2.0-api-1.0.0.Final.jar;C:\Users\Atif\.m2\repository\org\hibernate\hibernate-entitymanager\3.6.10.Final\hibernate-entitymanager-3.6.10.Final.jar;C:\Users\Atif\.m2\repository\org\hibernate\hibernate-core\3.6.10.Final\hibernate-core-3.6.10.Final.jar;C:\Users\Atif\.m2\repository\antlr\antlr\2.7.6\antlr-2.7.6.jar;C:\Users\Atif\.m2\repository\commons-collections\commons-collections\3.1\commons-collections-3.1.jar;C:\Users\Atif\.m2\repository\dom4j\dom4j\1.6.1\dom4j-1.6.1.jar;C:\Users\Atif\.m2\repository\org\hibernate\hibernate-commons-annotations\3.2.0.Final\hibernate-commons-annotations-3.2.0.Final.jar;C:\Users\Atif\.m2\repository\javax\transaction\jta\1.1\jta-1.1.jar;C:\Users\Atif\.m2\repository\cglib\cglib\2.2\cglib-2.2.jar;C:\Users\Atif\.m2\repository\asm\asm\3.1\asm-3.1.jar;C:\Users\Atif\.m2\repository\javassist\javassist\3.12.0.GA\javassist-3.12.0.GA.jar;C:\Users\Atif\.m2\repository\org\hsqldb\hsqldb\2.2.9\hsqldb-2.2.9.jar;C:\Users\Atif\.m2\repository\org\codehaus\jackson\jackson-mapper-asl\1.9.13\jackson-mapper-asl-1.9.13.jar;C:\Users\Atif\.m2\repository\org\codehaus\jackson\jackson-core-asl\1.9.13\jackson-core-asl-1.9.13.jar;C:\Users\Atif\.m2\repository\org\slf4j\slf4j-api\1.7.5\slf4j-api-1.7.5.jar;C:\Users\Atif\.m2\repository\org\slf4j\jcl-over-slf4j\1.7.5\jcl-over-slf4j-1.7.5.jar;C:\Users\Atif\.m2\repository\org\slf4j\slf4j-log4j12\1.7.5\slf4j-log4j12-1.7.5.jar;C:\Users\Atif\.m2\repository\log4j\log4j\1.2.17\log4j-1.2.17.jar;"/>
    <property name="java.specification.name" value="Java Platform API Specification"/>
    <property name="java.class.version" value="52.0"/>
    <property name="sun.management.compiler" value="HotSpot 64-Bit Tiered Compilers"/>
    <property name="os.version" value="6.3"/>
    <property name="user.home" value="C:\Users\Atif"/>
    <property name="user.timezone" value="Australia/Sydney"/>
    <property name="java.awt.printerjob" value="sun.awt.windows.WPrinterJob"/>
    <property name="java.specification.version" value="1.8"/>
    <property name="file.encoding" value="Cp1252"/>
    <property name="user.name" value="Atif"/>
    <property name="java.class.path" value="C:\Users\Atif\Documents\ajprojects\mvctest\target\test-classes;C:\Users\Atif\Documents\ajprojects\mvctest\target\classes;C:\Users\Atif\.m2\repository\org\springframework\spring-core\4.1.5.RELEASE\spring-core-4.1.5.RELEASE.jar;C:\Users\Atif\.m2\repository\commons-logging\commons-logging\1.2\commons-logging-1.2.jar;C:\Users\Atif\.m2\repository\org\springframework\spring-web\4.1.5.RELEASE\spring-web-4.1.5.RELEASE.jar;C:\Users\Atif\.m2\repository\org\springframework\spring-aop\4.1.5.RELEASE\spring-aop-4.1.5.RELEASE.jar;C:\Users\Atif\.m2\repository\org\springframework\spring-beans\4.1.5.RELEASE\spring-beans-4.1.5.RELEASE.jar;C:\Users\Atif\.m2\repository\org\springframework\spring-context\4.1.5.RELEASE\spring-context-4.1.5.RELEASE.jar;C:\Users\Atif\.m2\repository\org\springframework\spring-webmvc\4.1.5.RELEASE\spring-webmvc-4.1.5.RELEASE.jar;C:\Users\Atif\.m2\repository\org\springframework\spring-expression\4.1.5.RELEASE\spring-expression-4.1.5.RELEASE.jar;C:\Users\Atif\.m2\repository\org\springframework\security\spring-security-core\3.2.0.RELEASE\spring-security-core-3.2.0.RELEASE.jar;C:\Users\Atif\.m2\repository\aopalliance\aopalliance\1.0\aopalliance-1.0.jar;C:\Users\Atif\.m2\repository\org\springframework\security\spring-security-web\3.2.0.RELEASE\spring-security-web-3.2.0.RELEASE.jar;C:\Users\Atif\.m2\repository\org\springframework\security\spring-security-config\3.2.0.RELEASE\spring-security-config-3.2.0.RELEASE.jar;C:\Users\Atif\.m2\repository\org\springframework\security\spring-security-taglibs\3.2.0.RELEASE\spring-security-taglibs-3.2.0.RELEASE.jar;C:\Users\Atif\.m2\repository\org\springframework\security\spring-security-acl\3.2.0.RELEASE\spring-security-acl-3.2.0.RELEASE.jar;C:\Users\Atif\.m2\repository\org\springframework\spring-jdbc\3.2.6.RELEASE\spring-jdbc-3.2.6.RELEASE.jar;C:\Users\Atif\.m2\repository\javax\servlet\javax.servlet-api\3.0.1\javax.servlet-api-3.0.1.jar;C:\Users\Atif\.m2\repository\javax\servlet\jsp\jsp-api\2.1\jsp-api-2.1.jar;C:\Users\Atif\.m2\repository\jstl\jstl\1.2\jstl-1.2.jar;C:\Users\Atif\.m2\repository\javax\validation\validation-api\1.1.0.Final\validation-api-1.1.0.Final.jar;C:\Users\Atif\.m2\repository\org\hibernate\hibernate-validator\5.0.1.Final\hibernate-validator-5.0.1.Final.jar;C:\Users\Atif\.m2\repository\org\jboss\logging\jboss-logging\3.1.1.GA\jboss-logging-3.1.1.GA.jar;C:\Users\Atif\.m2\repository\com\fasterxml\classmate\0.8.0\classmate-0.8.0.jar;C:\Users\Atif\.m2\repository\org\springframework\spring-test\4.1.5.RELEASE\spring-test-4.1.5.RELEASE.jar;C:\Users\Atif\.m2\repository\junit\junit\4.11\junit-4.11.jar;C:\Users\Atif\.m2\repository\org\hamcrest\hamcrest-core\1.3\hamcrest-core-1.3.jar;C:\Users\Atif\.m2\repository\com\jayway\jsonpath\json-path-assert\0.8.1\json-path-assert-0.8.1.jar;C:\Users\Atif\.m2\repository\com\jayway\jsonpath\json-path\0.8.1\json-path-0.8.1.jar;C:\Users\Atif\.m2\repository\commons-lang\commons-lang\2.6\commons-lang-2.6.jar;C:\Users\Atif\.m2\repository\net\minidev\json-smart\1.1.1\json-smart-1.1.1.jar;C:\Users\Atif\.m2\repository\org\hamcrest\hamcrest-library\1.2.1\hamcrest-library-1.2.1.jar;C:\Users\Atif\.m2\repository\org\springframework\data\spring-data-jpa\1.2.0.RELEASE\spring-data-jpa-1.2.0.RELEASE.jar;C:\Users\Atif\.m2\repository\org\springframework\data\spring-data-commons-core\1.4.0.RELEASE\spring-data-commons-core-1.4.0.RELEASE.jar;C:\Users\Atif\.m2\repository\org\springframework\spring-orm\3.1.2.RELEASE\spring-orm-3.1.2.RELEASE.jar;C:\Users\Atif\.m2\repository\org\springframework\spring-tx\3.1.2.RELEASE\spring-tx-3.1.2.RELEASE.jar;C:\Users\Atif\.m2\repository\org\aspectj\aspectjrt\1.6.12\aspectjrt-1.6.12.jar;C:\Users\Atif\.m2\repository\org\hibernate\javax\persistence\hibernate-jpa-2.0-api\1.0.0.Final\hibernate-jpa-2.0-api-1.0.0.Final.jar;C:\Users\Atif\.m2\repository\org\hibernate\hibernate-entitymanager\3.6.10.Final\hibernate-entitymanager-3.6.10.Final.jar;C:\Users\Atif\.m2\repository\org\hibernate\hibernate-core\3.6.10.Final\hibernate-core-3.6.10.Final.jar;C:\Users\Atif\.m2\repository\antlr\antlr\2.7.6\antlr-2.7.6.jar;C:\Users\Atif\.m2\repository\commons-collections\commons-collections\3.1\commons-collections-3.1.jar;C:\Users\Atif\.m2\repository\dom4j\dom4j\1.6.1\dom4j-1.6.1.jar;C:\Users\Atif\.m2\repository\org\hibernate\hibernate-commons-annotations\3.2.0.Final\hibernate-commons-annotations-3.2.0.Final.jar;C:\Users\Atif\.m2\repository\javax\transaction\jta\1.1\jta-1.1.jar;C:\Users\Atif\.m2\repository\cglib\cglib\2.2\cglib-2.2.jar;C:\Users\Atif\.m2\repository\asm\asm\3.1\asm-3.1.jar;C:\Users\Atif\.m2\repository\javassist\javassist\3.12.0.GA\javassist-3.12.0.GA.jar;C:\Users\Atif\.m2\repository\org\hsqldb\hsqldb\2.2.9\hsqldb-2.2.9.jar;C:\Users\Atif\.m2\repository\org\codehaus\jackson\jackson-mapper-asl\1.9.13\jackson-mapper-asl-1.9.13.jar;C:\Users\Atif\.m2\repository\org\codehaus\jackson\jackson-core-asl\1.9.13\jackson-core-asl-1.9.13.jar;C:\Users\Atif\.m2\repository\org\slf4j\slf4j-api\1.7.5\slf4j-api-1.7.5.jar;C:\Users\Atif\.m2\repository\org\slf4j\jcl-over-slf4j\1.7.5\jcl-over-slf4j-1.7.5.jar;C:\Users\Atif\.m2\repository\org\slf4j\slf4j-log4j12\1.7.5\slf4j-log4j12-1.7.5.jar;C:\Users\Atif\.m2\repository\log4j\log4j\1.2.17\log4j-1.2.17.jar;"/>
    <property name="java.vm.specification.version" value="1.8"/>
    <property name="sun.arch.data.model" value="64"/>
    <property name="java.home" value="C:\Program Files\Java\jdk1.8.0_25\jre"/>
    <property name="sun.java.command" value="C:\Users\Atif\AppData\Local\Temp\surefirebooter8095559286480361604.jar C:\Users\Atif\AppData\Local\Temp\surefire9054149843661747120tmp C:\Users\Atif\AppData\Local\Temp\surefire6855294844049064980tmp"/>
    <property name="java.specification.vendor" value="Oracle Corporation"/>
    <property name="user.language" value="en"/>
    <property name="awt.toolkit" value="sun.awt.windows.WToolkit"/>
    <property name="java.vm.info" value="mixed mode"/>
    <property name="java.version" value="1.8.0_25"/>
    <property name="appbase" value="C:\Users\Atif\Documents\ajprojects\mvctest\src\main\conf"/>
    <property name="java.ext.dirs" value="C:\Program Files\Java\jdk1.8.0_25\jre\lib\ext;C:\Windows\Sun\Java\lib\ext"/>
    <property name="sun.boot.class.path" value="C:\Program Files\Java\jdk1.8.0_25\jre\lib\resources.jar;C:\Program Files\Java\jdk1.8.0_25\jre\lib\rt.jar;C:\Program Files\Java\jdk1.8.0_25\jre\lib\sunrsasign.jar;C:\Program Files\Java\jdk1.8.0_25\jre\lib\jsse.jar;C:\Program Files\Java\jdk1.8.0_25\jre\lib\jce.jar;C:\Program Files\Java\jdk1.8.0_25\jre\lib\charsets.jar;C:\Program Files\Java\jdk1.8.0_25\jre\lib\jfr.jar;C:\Program Files\Java\jdk1.8.0_25\jre\classes"/>
    <property name="java.vendor" value="Oracle Corporation"/>
    <property name="localRepository" value="C:\Users\Atif\.m2\repository"/>
    <property name="file.separator" value="\"/>
    <property name="java.vendor.url.bug" value="http://bugreport.sun.com/bugreport/"/>
    <property name="sun.cpu.endian" value="little"/>
    <property name="sun.io.unicode.encoding" value="UnicodeLittle"/>
    <property name="sun.desktop" value="windows"/>
    <property name="sun.cpu.isalist" value="amd64"/>
  </properties>
  <testcase classname="com.springapp.mvc.controller.HelloControllerTests" name="addShopErrors" time="0.171"/>
  <testcase classname="com.springapp.mvc.controller.HelloControllerTests" name="simple" time="0.016"/>
  <testcase classname="com.springapp.mvc.controller.HelloControllerTests" name="addShopSuccess" time="0.047"/>
  <testcase classname="com.springapp.mvc.controller.HelloControllerTests" name="add" time="0.016"/>
  <testcase classname="com.springapp.mvc.controller.HelloControllerTests" name="shop" time="0.015"/>
</testsuite>